[2019-09-23 11:15:46] live.ERROR: SQLSTATE[HY000] [2002] Connection refused {"exception":"[object] (PDOException(code: 2002): SQLSTATE[HY000] [2002] Connection refused at /home/trioangle/Documents/package_creation/travelpinkcoconuts/vendor/laravel/framework/src/Illuminate/Database/Connectors/Connector.php:67)
[stacktrace]
#0 /home/trioangle/Documents/package_creation/travelpinkcoconuts/vendor/laravel/framework/src/Illuminate/Database/Connectors/Connector.php(67): PDO->__construct('mysql:host=loca...', '', '', Array)
#1 /home/trioangle/Documents/package_creation/travelpinkcoconuts/vendor/laravel/framework/src/Illuminate/Database/Connectors/Connector.php(43): Illuminate\\Database\\Connectors\\Connector->createPdoConnection('mysql:host=loca...', '', '', Array)
#2 /home/trioangle/Documents/package_creation/travelpinkcoconuts/vendor/laravel/framework/src/Illuminate/Database/Connectors/MySqlConnector.php(24): Illuminate\\Database\\Connectors\\Connector->createConnection('mysql:host=loca...', Array, Array)
#3 /home/trioangle/Documents/package_creation/travelpinkcoconuts/vendor/laravel/framework/src/Illuminate/Database/Connectors/ConnectionFactory.php(183): Illuminate\\Database\\Connectors\\MySqlConnector->connect(Array)
#4 [internal function]: Illuminate\\Database\\Connectors\\ConnectionFactory->Illuminate\\Database\\Connectors\\{closure}()
#5 /home/trioangle/Documents/package_creation/travelpinkcoconuts/vendor/laravel/framework/src/Illuminate/Database/Connection.php(915): call_user_func(Object(Closure))
#6 /home/trioangle/Documents/package_creation/travelpinkcoconuts/vendor/laravel/framework/src/Illuminate/Database/Connection.php(940): Illuminate\\Database\\Connection->getPdo()
#7 /home/trioangle/Documents/package_creation/travelpinkcoconuts/vendor/laravel/framework/src/Illuminate/Database/Connection.php(399): Illuminate\\Database\\Connection->getReadPdo()
#8 /home/trioangle/Documents/package_creation/travelpinkcoconuts/vendor/laravel/framework/src/Illuminate/Database/Connection.php(325): Illuminate\\Database\\Connection->getPdoForSelect(true)
#9 /home/trioangle/Documents/package_creation/travelpinkcoconuts/vendor/laravel/framework/src/Illuminate/Database/Connection.php(657): Illuminate\\Database\\Connection->Illuminate\\Database\\{closure}('select * from i...', Array)
#10 /home/trioangle/Documents/package_creation/travelpinkcoconuts/vendor/laravel/framework/src/Illuminate/Database/Connection.php(624): Illuminate\\Database\\Connection->runQueryCallback('select * from i...', Array, Object(Closure))
#11 /home/trioangle/Documents/package_creation/travelpinkcoconuts/vendor/laravel/framework/src/Illuminate/Database/Connection.php(333): Illuminate\\Database\\Connection->run('select * from i...', Array, Object(Closure))
#12 /home/trioangle/Documents/package_creation/travelpinkcoconuts/vendor/laravel/framework/src/Illuminate/Database/Schema/MySqlBuilder.php(18): Illuminate\\Database\\Connection->select('select * from i...', Array)
#13 /home/trioangle/Documents/package_creation/travelpinkcoconuts/vendor/laravel/framework/src/Illuminate/Support/Facades/Facade.php(221): Illuminate\\Database\\Schema\\MySqlBuilder->hasTable('site_settings')
#14 /home/trioangle/Documents/package_creation/travelpinkcoconuts/routes/admin.php(367): Illuminate\\Support\\Facades\\Facade::__callStatic('hasTable', Array)
#15 /home/trioangle/Documents/package_creation/travelpinkcoconuts/vendor/laravel/framework/src/Illuminate/Routing/Router.php(389): Illuminate\\Routing\\Router->{closure}(Object(Illuminate\\Routing\\Router))
#16 /home/trioangle/Documents/package_creation/travelpinkcoconuts/vendor/laravel/framework/src/Illuminate/Routing/Router.php(349): Illuminate\\Routing\\Router->loadRoutes(Object(Closure))
#17 /home/trioangle/Documents/package_creation/travelpinkcoconuts/vendor/laravel/framework/src/Illuminate/Support/Facades/Facade.php(221): Illuminate\\Routing\\Router->group(Array, Object(Closure))
#18 /home/trioangle/Documents/package_creation/travelpinkcoconuts/routes/admin.php(372): Illuminate\\Support\\Facades\\Facade::__callStatic('group', Array)
#19 /home/trioangle/Documents/package_creation/travelpinkcoconuts/vendor/laravel/framework/src/Illuminate/Routing/Router.php(393): require('/home/trioangle...')
#20 /home/trioangle/Documents/package_creation/travelpinkcoconuts/vendor/laravel/framework/src/Illuminate/Routing/Router.php(349): Illuminate\\Routing\\Router->loadRoutes('/home/trioangle...')
#21 /home/trioangle/Documents/package_creation/travelpinkcoconuts/vendor/laravel/framework/src/Illuminate/Routing/RouteRegistrar.php(105): Illuminate\\Routing\\Router->group(Array, '/home/trioangle...')
#22 /home/trioangle/Documents/package_creation/travelpinkcoconuts/app/Providers/RouteServiceProvider.php(65): Illuminate\\Routing\\RouteRegistrar->group('/home/trioangle...')
#23 /home/trioangle/Documents/package_creation/travelpinkcoconuts/app/Providers/RouteServiceProvider.php(36): App\\Providers\\RouteServiceProvider->mapAdminRoutes()
#24 [internal function]: App\\Providers\\RouteServiceProvider->map()
#25 /home/trioangle/Documents/package_creation/travelpinkcoconuts/vendor/laravel/framework/src/Illuminate/Container/BoundMethod.php(29): call_user_func_array(Array, Array)
#26 /home/trioangle/Documents/package_creation/travelpinkcoconuts/vendor/laravel/framework/src/Illuminate/Container/BoundMethod.php(87): Illuminate\\Container\\BoundMethod::Illuminate\\Container\\{closure}()
#27 /home/trioangle/Documents/package_creation/travelpinkcoconuts/vendor/laravel/framework/src/Illuminate/Container/BoundMethod.php(31): Illuminate\\Container\\BoundMethod::callBoundMethod(Object(Illuminate\\Foundation\\Application), Array, Object(Closure))
#28 /home/trioangle/Documents/package_creation/travelpinkcoconuts/vendor/laravel/framework/src/Illuminate/Container/Container.php(549): Illuminate\\Container\\BoundMethod::call(Object(Illuminate\\Foundation\\Application), Array, Array, NULL)
#29 /home/trioangle/Documents/package_creation/travelpinkcoconuts/vendor/laravel/framework/src/Illuminate/Foundation/Support/Providers/RouteServiceProvider.php(74): Illuminate\\Container\\Container->call(Array)
#30 /home/trioangle/Documents/package_creation/travelpinkcoconuts/vendor/laravel/framework/src/Illuminate/Foundation/Support/Providers/RouteServiceProvider.php(33): Illuminate\\Foundation\\Support\\Providers\\RouteServiceProvider->loadRoutes()
#31 /home/trioangle/Documents/package_creation/travelpinkcoconuts/app/Providers/RouteServiceProvider.php(25): Illuminate\\Foundation\\Support\\Providers\\RouteServiceProvider->boot()
#32 [internal function]: App\\Providers\\RouteServiceProvider->boot()
#33 /home/trioangle/Documents/package_creation/travelpinkcoconuts/vendor/laravel/framework/src/Illuminate/Container/BoundMethod.php(29): call_user_func_array(Array, Array)
#34 /home/trioangle/Documents/package_creation/travelpinkcoconuts/vendor/laravel/framework/src/Illuminate/Container/BoundMethod.php(87): Illuminate\\Container\\BoundMethod::Illuminate\\Container\\{closure}()
#35 /home/trioangle/Documents/package_creation/travelpinkcoconuts/vendor/laravel/framework/src/Illuminate/Container/BoundMethod.php(31): Illuminate\\Container\\BoundMethod::callBoundMethod(Object(Illuminate\\Foundation\\Application), Array, Object(Closure))
#36 /home/trioangle/Documents/package_creation/travelpinkcoconuts/vendor/laravel/framework/src/Illuminate/Container/Container.php(549): Illuminate\\Container\\BoundMethod::call(Object(Illuminate\\Foundation\\Application), Array, Array, NULL)
#37 /home/trioangle/Documents/package_creation/travelpinkcoconuts/vendor/laravel/framework/src/Illuminate/Foundation/Application.php(792): Illuminate\\Container\\Container->call(Array)
#38 /home/trioangle/Documents/package_creation/travelpinkcoconuts/vendor/laravel/framework/src/Illuminate/Foundation/Application.php(775): Illuminate\\Foundation\\Application->bootProvider(Object(App\\Providers\\RouteServiceProvider))
#39 [internal function]: Illuminate\\Foundation\\Application->Illuminate\\Foundation\\{closure}(Object(App\\Providers\\RouteServiceProvider), 28)
#40 /home/trioangle/Documents/package_creation/travelpinkcoconuts/vendor/laravel/framework/src/Illuminate/Foundation/Application.php(776): array_walk(Array, Object(Closure))
#41 /home/trioangle/Documents/package_creation/travelpinkcoconuts/vendor/laravel/framework/src/Illuminate/Foundation/Bootstrap/BootProviders.php(17): Illuminate\\Foundation\\Application->boot()
#42 /home/trioangle/Documents/package_creation/travelpinkcoconuts/vendor/laravel/framework/src/Illuminate/Foundation/Application.php(213): Illuminate\\Foundation\\Bootstrap\\BootProviders->bootstrap(Object(Illuminate\\Foundation\\Application))
#43 /home/trioangle/Documents/package_creation/travelpinkcoconuts/vendor/laravel/framework/src/Illuminate/Foundation/Console/Kernel.php(296): Illuminate\\Foundation\\Application->bootstrapWith(Array)
#44 /home/trioangle/Documents/package_creation/travelpinkcoconuts/vendor/laravel/framework/src/Illuminate/Foundation/Console/Kernel.php(119): Illuminate\\Foundation\\Console\\Kernel->bootstrap()
#45 /home/trioangle/Documents/package_creation/travelpinkcoconuts/artisan(35): Illuminate\\Foundation\\Console\\Kernel->handle(Object(Symfony\\Component\\Console\\Input\\ArgvInput), Object(Symfony\\Component\\Console\\Output\\ConsoleOutput))
#46 {main}
"} 
[2019-09-23 11:15:46] live.ERROR: SQLSTATE[HY000] [2002] Connection refused (SQL: select * from information_schema.tables where table_schema =  and table_name = site_settings) {"exception":"[object] (Illuminate\\Database\\QueryException(code: 2002): SQLSTATE[HY000] [2002] Connection refused (SQL: select * from information_schema.tables where table_schema =  and table_name = site_settings) at /home/trioangle/Documents/package_creation/travelpinkcoconuts/vendor/laravel/framework/src/Illuminate/Database/Connection.php:664, PDOException(code: 2002): SQLSTATE[HY000] [2002] Connection refused at /home/trioangle/Documents/package_creation/travelpinkcoconuts/vendor/laravel/framework/src/Illuminate/Database/Connectors/Connector.php:67)
[stacktrace]
#0 /home/trioangle/Documents/package_creation/travelpinkcoconuts/vendor/laravel/framework/src/Illuminate/Database/Connection.php(624): Illuminate\\Database\\Connection->runQueryCallback('select * from i...', Array, Object(Closure))
#1 /home/trioangle/Documents/package_creation/travelpinkcoconuts/vendor/laravel/framework/src/Illuminate/Database/Connection.php(333): Illuminate\\Database\\Connection->run('select * from i...', Array, Object(Closure))
#2 /home/trioangle/Documents/package_creation/travelpinkcoconuts/vendor/laravel/framework/src/Illuminate/Database/Schema/MySqlBuilder.php(18): Illuminate\\Database\\Connection->select('select * from i...', Array)
#3 /home/trioangle/Documents/package_creation/travelpinkcoconuts/vendor/laravel/framework/src/Illuminate/Support/Facades/Facade.php(221): Illuminate\\Database\\Schema\\MySqlBuilder->hasTable('site_settings')
#4 /home/trioangle/Documents/package_creation/travelpinkcoconuts/routes/admin.php(367): Illuminate\\Support\\Facades\\Facade::__callStatic('hasTable', Array)
#5 /home/trioangle/Documents/package_creation/travelpinkcoconuts/vendor/laravel/framework/src/Illuminate/Routing/Router.php(389): Illuminate\\Routing\\Router->{closure}(Object(Illuminate\\Routing\\Router))
#6 /home/trioangle/Documents/package_creation/travelpinkcoconuts/vendor/laravel/framework/src/Illuminate/Routing/Router.php(349): Illuminate\\Routing\\Router->loadRoutes(Object(Closure))
#7 /home/trioangle/Documents/package_creation/travelpinkcoconuts/vendor/laravel/framework/src/Illuminate/Support/Facades/Facade.php(221): Illuminate\\Routing\\Router->group(Array, Object(Closure))
#8 /home/trioangle/Documents/package_creation/travelpinkcoconuts/routes/admin.php(372): Illuminate\\Support\\Facades\\Facade::__callStatic('group', Array)
#9 /home/trioangle/Documents/package_creation/travelpinkcoconuts/vendor/laravel/framework/src/Illuminate/Routing/Router.php(393): require('/home/trioangle...')
#10 /home/trioangle/Documents/package_creation/travelpinkcoconuts/vendor/laravel/framework/src/Illuminate/Routing/Router.php(349): Illuminate\\Routing\\Router->loadRoutes('/home/trioangle...')
#11 /home/trioangle/Documents/package_creation/travelpinkcoconuts/vendor/laravel/framework/src/Illuminate/Routing/RouteRegistrar.php(105): Illuminate\\Routing\\Router->group(Array, '/home/trioangle...')
#12 /home/trioangle/Documents/package_creation/travelpinkcoconuts/app/Providers/RouteServiceProvider.php(65): Illuminate\\Routing\\RouteRegistrar->group('/home/trioangle...')
#13 /home/trioangle/Documents/package_creation/travelpinkcoconuts/app/Providers/RouteServiceProvider.php(36): App\\Providers\\RouteServiceProvider->mapAdminRoutes()
#14 [internal function]: App\\Providers\\RouteServiceProvider->map()
#15 /home/trioangle/Documents/package_creation/travelpinkcoconuts/vendor/laravel/framework/src/Illuminate/Container/BoundMethod.php(29): call_user_func_array(Array, Array)
#16 /home/trioangle/Documents/package_creation/travelpinkcoconuts/vendor/laravel/framework/src/Illuminate/Container/BoundMethod.php(87): Illuminate\\Container\\BoundMethod::Illuminate\\Container\\{closure}()
#17 /home/trioangle/Documents/package_creation/travelpinkcoconuts/vendor/laravel/framework/src/Illuminate/Container/BoundMethod.php(31): Illuminate\\Container\\BoundMethod::callBoundMethod(Object(Illuminate\\Foundation\\Application), Array, Object(Closure))
#18 /home/trioangle/Documents/package_creation/travelpinkcoconuts/vendor/laravel/framework/src/Illuminate/Container/Container.php(549): Illuminate\\Container\\BoundMethod::call(Object(Illuminate\\Foundation\\Application), Array, Array, NULL)
#19 /home/trioangle/Documents/package_creation/travelpinkcoconuts/vendor/laravel/framework/src/Illuminate/Foundation/Support/Providers/RouteServiceProvider.php(74): Illuminate\\Container\\Container->call(Array)
#20 /home/trioangle/Documents/package_creation/travelpinkcoconuts/vendor/laravel/framework/src/Illuminate/Foundation/Support/Providers/RouteServiceProvider.php(33): Illuminate\\Foundation\\Support\\Providers\\RouteServiceProvider->loadRoutes()
#21 /home/trioangle/Documents/package_creation/travelpinkcoconuts/app/Providers/RouteServiceProvider.php(25): Illuminate\\Foundation\\Support\\Providers\\RouteServiceProvider->boot()
#22 [internal function]: App\\Providers\\RouteServiceProvider->boot()
#23 /home/trioangle/Documents/package_creation/travelpinkcoconuts/vendor/laravel/framework/src/Illuminate/Container/BoundMethod.php(29): call_user_func_array(Array, Array)
#24 /home/trioangle/Documents/package_creation/travelpinkcoconuts/vendor/laravel/framework/src/Illuminate/Container/BoundMethod.php(87): Illuminate\\Container\\BoundMethod::Illuminate\\Container\\{closure}()
#25 /home/trioangle/Documents/package_creation/travelpinkcoconuts/vendor/laravel/framework/src/Illuminate/Container/BoundMethod.php(31): Illuminate\\Container\\BoundMethod::callBoundMethod(Object(Illuminate\\Foundation\\Application), Array, Object(Closure))
#26 /home/trioangle/Documents/package_creation/travelpinkcoconuts/vendor/laravel/framework/src/Illuminate/Container/Container.php(549): Illuminate\\Container\\BoundMethod::call(Object(Illuminate\\Foundation\\Application), Array, Array, NULL)
#27 /home/trioangle/Documents/package_creation/travelpinkcoconuts/vendor/laravel/framework/src/Illuminate/Foundation/Application.php(792): Illuminate\\Container\\Container->call(Array)
#28 /home/trioangle/Documents/package_creation/travelpinkcoconuts/vendor/laravel/framework/src/Illuminate/Foundation/Application.php(775): Illuminate\\Foundation\\Application->bootProvider(Object(App\\Providers\\RouteServiceProvider))
#29 [internal function]: Illuminate\\Foundation\\Application->Illuminate\\Foundation\\{closure}(Object(App\\Providers\\RouteServiceProvider), 28)
#30 /home/trioangle/Documents/package_creation/travelpinkcoconuts/vendor/laravel/framework/src/Illuminate/Foundation/Application.php(776): array_walk(Array, Object(Closure))
#31 /home/trioangle/Documents/package_creation/travelpinkcoconuts/vendor/laravel/framework/src/Illuminate/Foundation/Bootstrap/BootProviders.php(17): Illuminate\\Foundation\\Application->boot()
#32 /home/trioangle/Documents/package_creation/travelpinkcoconuts/vendor/laravel/framework/src/Illuminate/Foundation/Application.php(213): Illuminate\\Foundation\\Bootstrap\\BootProviders->bootstrap(Object(Illuminate\\Foundation\\Application))
#33 /home/trioangle/Documents/package_creation/travelpinkcoconuts/vendor/laravel/framework/src/Illuminate/Foundation/Console/Kernel.php(296): Illuminate\\Foundation\\Application->bootstrapWith(Array)
#34 /home/trioangle/Documents/package_creation/travelpinkcoconuts/vendor/laravel/framework/src/Illuminate/Foundation/Console/Kernel.php(119): Illuminate\\Foundation\\Console\\Kernel->bootstrap()
#35 /home/trioangle/Documents/package_creation/travelpinkcoconuts/artisan(35): Illuminate\\Foundation\\Console\\Kernel->handle(Object(Symfony\\Component\\Console\\Input\\ArgvInput), Object(Symfony\\Component\\Console\\Output\\ConsoleOutput))
#36 {main}
"} 
